<?xml version="1.0" encoding="UTF-8"?>
<!-- Generated by org.testng.reporters.JUnitReportReporter -->
<testsuite hostname="BO" failures="0" tests="1" name="com.exelenter.testcases.AddEmployeeTest" time="8.611" errors="0" timestamp="2023-03-03T05:23:33 EST" skipped="0">
  <testcase classname="com.exelenter.testcases.AddEmployeeTest" name="addEmployeeTest" time="8.611"/>
  <system-out/>
</testsuite> <!-- com.exelenter.testcases.AddEmployeeTest -->
